

================================================================
== Vitis HLS Report for 'spmv'
================================================================
* Date:           Mon Aug  8 19:02:48 2022

* Version:        2021.2 (Build 3367213 on Tue Oct 19 02:48:09 MDT 2021)
* Project:        spmv_hls_prj
* Solution:       solution3 (Vivado IP Flow Target)
* Product family: zynq
* Target device:  xc7z020-clg484-1


================================================================
== Performance Estimates
================================================================
+ Timing: 
    * Summary: 
    +--------+----------+----------+------------+
    |  Clock |  Target  | Estimated| Uncertainty|
    +--------+----------+----------+------------+
    |ap_clk  |  10.00 ns|  7.300 ns|     2.70 ns|
    +--------+----------+----------+------------+

+ Latency: 
    * Summary: 
    +---------+---------+----------+----------+-----+-----+---------+
    |  Latency (cycles) |  Latency (absolute) |  Interval | Pipeline|
    |   min   |   max   |    min   |    max   | min | max |   Type  |
    +---------+---------+----------+----------+-----+-----+---------+
    |        ?|        ?|         ?|         ?|    ?|    ?|       no|
    +---------+---------+----------+----------+-----+-----+---------+

    + Detail: 
        * Instance: 
        +-------------------------------+--------------------+---------+---------+----------+----------+-----+-----+---------+
        |                               |                    |  Latency (cycles) |  Latency (absolute) |  Interval | Pipeline|
        |            Instance           |       Module       |   min   |   max   |    min   |    max   | min | max |   Type  |
        +-------------------------------+--------------------+---------+---------+----------+----------+-----+-----+---------+
        |grp_spmv_Pipeline_L2_1_fu_164  |spmv_Pipeline_L2_1  |        ?|        ?|         ?|         ?|    ?|    ?|       no|
        +-------------------------------+--------------------+---------+---------+----------+----------+-----+-----+---------+

        * Loop: 
        +----------+---------+---------+----------+-----------+-----------+------+----------+
        |          |  Latency (cycles) | Iteration|  Initiation Interval  | Trip |          |
        | Loop Name|   min   |   max   |  Latency |  achieved |   target  | Count| Pipelined|
        +----------+---------+---------+----------+-----------+-----------+------+----------+
        |- L1      |        ?|        ?|         ?|          -|          -|   256|        no|
        +----------+---------+---------+----------+-----------+-----------+------+----------+



================================================================
== Utilization Estimates
================================================================
* Summary: 
+-----------------+---------+-----+--------+-------+-----+
|       Name      | BRAM_18K| DSP |   FF   |  LUT  | URAM|
+-----------------+---------+-----+--------+-------+-----+
|DSP              |        -|    -|       -|      -|    -|
|Expression       |        -|    -|       0|     96|    -|
|FIFO             |        -|    -|       -|      -|    -|
|Instance         |        4|    5|    5970|   6011|    -|
|Memory           |        -|    -|       -|      -|    -|
|Multiplexer      |        -|    -|       -|    297|    -|
|Register         |        -|    -|     478|      -|    -|
+-----------------+---------+-----+--------+-------+-----+
|Total            |        4|    5|    6448|   6404|    0|
+-----------------+---------+-----+--------+-------+-----+
|Available        |      280|  220|  106400|  53200|    0|
+-----------------+---------+-----+--------+-------+-----+
|Utilization (%)  |        1|    2|       6|     12|    0|
+-----------------+---------+-----+--------+-------+-----+

+ Detail: 
    * Instance: 
    +-------------------------------+--------------------+---------+----+------+------+-----+
    |            Instance           |       Module       | BRAM_18K| DSP|  FF  |  LUT | URAM|
    +-------------------------------+--------------------+---------+----+------+------+-----+
    |CTRL_s_axi_U                   |CTRL_s_axi          |        0|   0|    43|    42|    0|
    |control_s_axi_U                |control_s_axi       |        0|   0|   380|   680|    0|
    |gmem_m_axi_U                   |gmem_m_axi          |        4|   0|   512|   580|    0|
    |grp_spmv_Pipeline_L2_1_fu_164  |spmv_Pipeline_L2_1  |        0|   5|  5035|  4709|    0|
    +-------------------------------+--------------------+---------+----+------+------+-----+
    |Total                          |                    |        4|   5|  5970|  6011|    0|
    +-------------------------------+--------------------+---------+----+------+------+-----+

    * DSP: 
    N/A

    * Memory: 
    N/A

    * FIFO: 
    N/A

    * Expression: 
    +-----------------------------+----------+----+---+----+------------+------------+
    |        Variable Name        | Operation| DSP| FF| LUT| Bitwidth P0| Bitwidth P1|
    +-----------------------------+----------+----+---+----+------------+------------+
    |add_ln16_fu_232_p2           |         +|   0|  0|  71|          64|          64|
    |indvars_iv_next16_fu_210_p2  |         +|   0|  0|  14|           9|           1|
    |icmp_ln14_fu_204_p2          |      icmp|   0|  0|  11|           9|          10|
    +-----------------------------+----------+----+---+----+------------+------------+
    |Total                        |          |   0|  0|  96|          82|          75|
    +-----------------------------+----------+----+---+----+------------+------------+

    * Multiplexer: 
    +---------------+-----+-----------+-----+-----------+
    |      Name     | LUT | Input Size| Bits| Total Bits|
    +---------------+-----+-----------+-----+-----------+
    |ap_NS_fsm      |  106|         21|    1|         21|
    |gmem_ARADDR    |   14|          3|   64|        192|
    |gmem_ARBURST   |    9|          2|    2|          4|
    |gmem_ARCACHE   |    9|          2|    4|          8|
    |gmem_ARID      |    9|          2|    1|          2|
    |gmem_ARLEN     |   14|          3|   32|         96|
    |gmem_ARLOCK    |    9|          2|    2|          4|
    |gmem_ARPROT    |    9|          2|    3|          6|
    |gmem_ARQOS     |    9|          2|    4|          8|
    |gmem_ARREGION  |    9|          2|    4|          8|
    |gmem_ARSIZE    |    9|          2|    3|          6|
    |gmem_ARUSER    |    9|          2|    1|          2|
    |gmem_ARVALID   |   14|          3|    1|          3|
    |gmem_RREADY    |   14|          3|    1|          3|
    |gmem_blk_n_AR  |    9|          2|    1|          2|
    |gmem_blk_n_AW  |    9|          2|    1|          2|
    |gmem_blk_n_B   |    9|          2|    1|          2|
    |gmem_blk_n_R   |    9|          2|    1|          2|
    |gmem_blk_n_W   |    9|          2|    1|          2|
    |i_fu_98        |    9|          2|    9|         18|
    +---------------+-----+-----------+-----+-----------+
    |Total          |  297|         63|  137|        391|
    +---------------+-----+-----------+-----+-----------+

    * Register: 
    +--------------------------------------------+----+----+-----+-----------+
    |                    Name                    | FF | LUT| Bits| Const Bits|
    +--------------------------------------------+----+----+-----+-----------+
    |ap_CS_fsm                                   |  20|   0|   20|          0|
    |columnIndex_read_reg_287                    |  64|   0|   64|          0|
    |gmem_addr_1_read_1_reg_323                  |  32|   0|   32|          0|
    |gmem_addr_1_reg_312                         |  64|   0|   64|          0|
    |gmem_addr_reg_303                           |  64|   0|   64|          0|
    |grp_spmv_Pipeline_L2_1_fu_164_ap_start_reg  |   1|   0|    1|          0|
    |i_fu_98                                     |   9|   0|    9|          0|
    |k_reg_318                                   |  32|   0|   32|          0|
    |rowPtr_read_reg_292                         |  64|   0|   64|          0|
    |values_read_reg_282                         |  64|   0|   64|          0|
    |x_read_reg_277                              |  64|   0|   64|          0|
    +--------------------------------------------+----+----+-----+-----------+
    |Total                                       | 478|   0|  478|          0|
    +--------------------------------------------+----+----+-----+-----------+



================================================================
== Interface
================================================================
* Summary: 
+-----------------------+-----+-----+------------+--------------+--------------+
|       RTL Ports       | Dir | Bits|  Protocol  | Source Object|    C Type    |
+-----------------------+-----+-----+------------+--------------+--------------+
|s_axi_CTRL_AWVALID     |   in|    1|       s_axi|          CTRL|        scalar|
|s_axi_CTRL_AWREADY     |  out|    1|       s_axi|          CTRL|        scalar|
|s_axi_CTRL_AWADDR      |   in|    4|       s_axi|          CTRL|        scalar|
|s_axi_CTRL_WVALID      |   in|    1|       s_axi|          CTRL|        scalar|
|s_axi_CTRL_WREADY      |  out|    1|       s_axi|          CTRL|        scalar|
|s_axi_CTRL_WDATA       |   in|   32|       s_axi|          CTRL|        scalar|
|s_axi_CTRL_WSTRB       |   in|    4|       s_axi|          CTRL|        scalar|
|s_axi_CTRL_ARVALID     |   in|    1|       s_axi|          CTRL|        scalar|
|s_axi_CTRL_ARREADY     |  out|    1|       s_axi|          CTRL|        scalar|
|s_axi_CTRL_ARADDR      |   in|    4|       s_axi|          CTRL|        scalar|
|s_axi_CTRL_RVALID      |  out|    1|       s_axi|          CTRL|        scalar|
|s_axi_CTRL_RREADY      |   in|    1|       s_axi|          CTRL|        scalar|
|s_axi_CTRL_RDATA       |  out|   32|       s_axi|          CTRL|        scalar|
|s_axi_CTRL_RRESP       |  out|    2|       s_axi|          CTRL|        scalar|
|s_axi_CTRL_BVALID      |  out|    1|       s_axi|          CTRL|        scalar|
|s_axi_CTRL_BREADY      |   in|    1|       s_axi|          CTRL|        scalar|
|s_axi_CTRL_BRESP       |  out|    2|       s_axi|          CTRL|        scalar|
|s_axi_control_AWVALID  |   in|    1|       s_axi|       control|        scalar|
|s_axi_control_AWREADY  |  out|    1|       s_axi|       control|        scalar|
|s_axi_control_AWADDR   |   in|    7|       s_axi|       control|        scalar|
|s_axi_control_WVALID   |   in|    1|       s_axi|       control|        scalar|
|s_axi_control_WREADY   |  out|    1|       s_axi|       control|        scalar|
|s_axi_control_WDATA    |   in|   32|       s_axi|       control|        scalar|
|s_axi_control_WSTRB    |   in|    4|       s_axi|       control|        scalar|
|s_axi_control_ARVALID  |   in|    1|       s_axi|       control|        scalar|
|s_axi_control_ARREADY  |  out|    1|       s_axi|       control|        scalar|
|s_axi_control_ARADDR   |   in|    7|       s_axi|       control|        scalar|
|s_axi_control_RVALID   |  out|    1|       s_axi|       control|        scalar|
|s_axi_control_RREADY   |   in|    1|       s_axi|       control|        scalar|
|s_axi_control_RDATA    |  out|   32|       s_axi|       control|        scalar|
|s_axi_control_RRESP    |  out|    2|       s_axi|       control|        scalar|
|s_axi_control_BVALID   |  out|    1|       s_axi|       control|        scalar|
|s_axi_control_BREADY   |   in|    1|       s_axi|       control|        scalar|
|s_axi_control_BRESP    |  out|    2|       s_axi|       control|        scalar|
|ap_local_block         |  out|    1|  ap_ctrl_hs|          spmv|  return value|
|ap_clk                 |   in|    1|  ap_ctrl_hs|          spmv|  return value|
|ap_rst_n               |   in|    1|  ap_ctrl_hs|          spmv|  return value|
|interrupt              |  out|    1|  ap_ctrl_hs|          spmv|  return value|
|m_axi_gmem_AWVALID     |  out|    1|       m_axi|          gmem|       pointer|
|m_axi_gmem_AWREADY     |   in|    1|       m_axi|          gmem|       pointer|
|m_axi_gmem_AWADDR      |  out|   64|       m_axi|          gmem|       pointer|
|m_axi_gmem_AWID        |  out|    1|       m_axi|          gmem|       pointer|
|m_axi_gmem_AWLEN       |  out|    8|       m_axi|          gmem|       pointer|
|m_axi_gmem_AWSIZE      |  out|    3|       m_axi|          gmem|       pointer|
|m_axi_gmem_AWBURST     |  out|    2|       m_axi|          gmem|       pointer|
|m_axi_gmem_AWLOCK      |  out|    2|       m_axi|          gmem|       pointer|
|m_axi_gmem_AWCACHE     |  out|    4|       m_axi|          gmem|       pointer|
|m_axi_gmem_AWPROT      |  out|    3|       m_axi|          gmem|       pointer|
|m_axi_gmem_AWQOS       |  out|    4|       m_axi|          gmem|       pointer|
|m_axi_gmem_AWREGION    |  out|    4|       m_axi|          gmem|       pointer|
|m_axi_gmem_AWUSER      |  out|    1|       m_axi|          gmem|       pointer|
|m_axi_gmem_WVALID      |  out|    1|       m_axi|          gmem|       pointer|
|m_axi_gmem_WREADY      |   in|    1|       m_axi|          gmem|       pointer|
|m_axi_gmem_WDATA       |  out|   32|       m_axi|          gmem|       pointer|
|m_axi_gmem_WSTRB       |  out|    4|       m_axi|          gmem|       pointer|
|m_axi_gmem_WLAST       |  out|    1|       m_axi|          gmem|       pointer|
|m_axi_gmem_WID         |  out|    1|       m_axi|          gmem|       pointer|
|m_axi_gmem_WUSER       |  out|    1|       m_axi|          gmem|       pointer|
|m_axi_gmem_ARVALID     |  out|    1|       m_axi|          gmem|       pointer|
|m_axi_gmem_ARREADY     |   in|    1|       m_axi|          gmem|       pointer|
|m_axi_gmem_ARADDR      |  out|   64|       m_axi|          gmem|       pointer|
|m_axi_gmem_ARID        |  out|    1|       m_axi|          gmem|       pointer|
|m_axi_gmem_ARLEN       |  out|    8|       m_axi|          gmem|       pointer|
|m_axi_gmem_ARSIZE      |  out|    3|       m_axi|          gmem|       pointer|
|m_axi_gmem_ARBURST     |  out|    2|       m_axi|          gmem|       pointer|
|m_axi_gmem_ARLOCK      |  out|    2|       m_axi|          gmem|       pointer|
|m_axi_gmem_ARCACHE     |  out|    4|       m_axi|          gmem|       pointer|
|m_axi_gmem_ARPROT      |  out|    3|       m_axi|          gmem|       pointer|
|m_axi_gmem_ARQOS       |  out|    4|       m_axi|          gmem|       pointer|
|m_axi_gmem_ARREGION    |  out|    4|       m_axi|          gmem|       pointer|
|m_axi_gmem_ARUSER      |  out|    1|       m_axi|          gmem|       pointer|
|m_axi_gmem_RVALID      |   in|    1|       m_axi|          gmem|       pointer|
|m_axi_gmem_RREADY      |  out|    1|       m_axi|          gmem|       pointer|
|m_axi_gmem_RDATA       |   in|   32|       m_axi|          gmem|       pointer|
|m_axi_gmem_RLAST       |   in|    1|       m_axi|          gmem|       pointer|
|m_axi_gmem_RID         |   in|    1|       m_axi|          gmem|       pointer|
|m_axi_gmem_RUSER       |   in|    1|       m_axi|          gmem|       pointer|
|m_axi_gmem_RRESP       |   in|    2|       m_axi|          gmem|       pointer|
|m_axi_gmem_BVALID      |   in|    1|       m_axi|          gmem|       pointer|
|m_axi_gmem_BREADY      |  out|    1|       m_axi|          gmem|       pointer|
|m_axi_gmem_BRESP       |   in|    2|       m_axi|          gmem|       pointer|
|m_axi_gmem_BID         |   in|    1|       m_axi|          gmem|       pointer|
|m_axi_gmem_BUSER       |   in|    1|       m_axi|          gmem|       pointer|
+-----------------------+-----+-----+------------+--------------+--------------+

